<?xml version="1.0" encoding="UTF-8"?>
<!-- Generated by org.testng.reporters.JUnitReportReporter -->
<testsuite hostname="DESKTOP-S1JVQOI" failures="0" tests="1" name="testScripts.HomePageTest" time="2.330" errors="0" timestamp="2020-01-29T16:40:27 MST" skipped="0">
  <testcase classname="testScripts.HomePageTest" name="testSearchProductType" time="2.330"/>
</testsuite> <!-- testScripts.HomePageTest -->
