<?xml version="1.0" encoding="UTF-8"?>
<!-- Generated by org.testng.reporters.JUnitReportReporter -->
<testsuite hostname="DESKTOP-S1JVQOI" failures="0" tests="1" name="testScripts.AddProductToTheCartTest" time="4.283" errors="0" timestamp="2020-01-29T16:40:27 MST" skipped="0">
  <testcase classname="testScripts.AddProductToTheCartTest" name="testAddToCartFunctionality" time="4.283"/>
</testsuite> <!-- testScripts.AddProductToTheCartTest -->
